<?xml version="1.0" encoding="UTF-8"?>
<!-- Generated by org.testng.reporters.JUnitXMLReporter -->
<testsuite ignored="0" hostname="PNQ1-LPHLQ87G3" failures="1" tests="1" name="Test" time="50.545" errors="0" timestamp="2024-02-28T17:16:04 IST">
  <testcase classname="com.itlearn.testcases.Paymenttestcase" name="Paymenttestcase" time="25.45">
    <failure type="org.openqa.selenium.ElementClickInterceptedException" message="element click intercepted: Element &amp;lt;input type=&amp;quot;submit&amp;quot; class=&amp;quot;button alt onpayment&amp;quot; name=&amp;quot;learn_press_checkout_place_order&amp;quot; id=&amp;quot;learn-press-checkout-place-order&amp;quot; data-processing-text=&amp;quot;Processing&amp;quot; value=&amp;quot;Place order&amp;quot; data-value=&amp;quot;Place order&amp;quot;&amp;gt; is not clickable at point (1123, 665). Other element would receive the click: &amp;lt;div class=&amp;quot;top-bar col-md-12&amp;quot; id=&amp;quot;header-sroll&amp;quot;&amp;gt;...&amp;lt;/div&amp;gt;
  (Session info: chrome=122.0.6261.69)
Build info: version: &amp;apos;4.8.1&amp;apos;, revision: &amp;apos;8ebccac989&amp;apos;
System info: os.name: &amp;apos;Windows 11&amp;apos;, os.arch: &amp;apos;amd64&amp;apos;, os.version: &amp;apos;10.0&amp;apos;, java.version: &amp;apos;17.0.6&amp;apos;
Driver info: org.openqa.selenium.chrome.ChromeDriver
Command: [9d75d5d67574ebb837f3bc6e5dffda4a, clickElement {id=8E4ADE212F729889B381306F66931F55_element_152}]
Capabilities {acceptInsecureCerts: false, browserName: chrome, browserVersion: 122.0.6261.69, chrome: {chromedriverVersion: 121.0.6167.184 (057a8ae7deb..., userDataDir: C:\Users\E5663914\AppData\L...}, fedcm:accounts: true, goog:chromeOptions: {debuggerAddress: localhost:10711}, networkConnectionEnabled: false, pageLoadStrategy: normal, platformName: WINDOWS, proxy: Proxy(), se:cdp: ws://localhost:10711/devtoo..., se:cdpVersion: 122.0.6261.69, setWindowRect: true, strictFileInteractability: false, timeouts: {implicit: 0, pageLoad: 300000, script: 30000}, unhandledPromptBehavior: dismiss and notify, webauthn:extension:credBlob: true, webauthn:extension:largeBlob: true, webauthn:extension:minPinLength: true, webauthn:extension:prf: true, webauthn:virtualAuthenticators: true}
Element: [[ChromeDriver: chrome on WINDOWS (9d75d5d67574ebb837f3bc6e5dffda4a)] -&amp;gt; xpath: //*[@id=&amp;quot;learn-press-checkout-place-order&amp;quot;]]
Session ID: 9d75d5d67574ebb837f3bc6e5dffda4a">
      <![CDATA[org.openqa.selenium.ElementClickInterceptedException: element click intercepted: Element <input type="submit" class="button alt onpayment" name="learn_press_checkout_place_order" id="learn-press-checkout-place-order" data-processing-text="Processing" value="Place order" data-value="Place order"> is not clickable at point (1123, 665). Other element would receive the click: <div class="top-bar col-md-12" id="header-sroll">...</div>
  (Session info: chrome=122.0.6261.69)
Build info: version: '4.8.1', revision: '8ebccac989'
System info: os.name: 'Windows 11', os.arch: 'amd64', os.version: '10.0', java.version: '17.0.6'
Driver info: org.openqa.selenium.chrome.ChromeDriver
Command: [9d75d5d67574ebb837f3bc6e5dffda4a, clickElement {id=8E4ADE212F729889B381306F66931F55_element_152}]
Capabilities {acceptInsecureCerts: false, browserName: chrome, browserVersion: 122.0.6261.69, chrome: {chromedriverVersion: 121.0.6167.184 (057a8ae7deb..., userDataDir: C:\Users\E5663914\AppData\L...}, fedcm:accounts: true, goog:chromeOptions: {debuggerAddress: localhost:10711}, networkConnectionEnabled: false, pageLoadStrategy: normal, platformName: WINDOWS, proxy: Proxy(), se:cdp: ws://localhost:10711/devtoo..., se:cdpVersion: 122.0.6261.69, setWindowRect: true, strictFileInteractability: false, timeouts: {implicit: 0, pageLoad: 300000, script: 30000}, unhandledPromptBehavior: dismiss and notify, webauthn:extension:credBlob: true, webauthn:extension:largeBlob: true, webauthn:extension:minPinLength: true, webauthn:extension:prf: true, webauthn:virtualAuthenticators: true}
Element: [[ChromeDriver: chrome on WINDOWS (9d75d5d67574ebb837f3bc6e5dffda4a)] -> xpath: //*[@id="learn-press-checkout-place-order"]]
Session ID: 9d75d5d67574ebb837f3bc6e5dffda4a
at org.openqa.selenium.remote.codec.w3c.W3CHttpResponseCodec.createException(W3CHttpResponseCodec.java:200)
at org.openqa.selenium.remote.codec.w3c.W3CHttpResponseCodec.decode(W3CHttpResponseCodec.java:133)
at org.openqa.selenium.remote.codec.w3c.W3CHttpResponseCodec.decode(W3CHttpResponseCodec.java:53)
at org.openqa.selenium.remote.HttpCommandExecutor.execute(HttpCommandExecutor.java:184)
at org.openqa.selenium.remote.service.DriverCommandExecutor.invokeExecute(DriverCommandExecutor.java:167)
at org.openqa.selenium.remote.service.DriverCommandExecutor.execute(DriverCommandExecutor.java:142)
at org.openqa.selenium.remote.RemoteWebDriver.execute(RemoteWebDriver.java:543)
at org.openqa.selenium.remote.RemoteWebElement.execute(RemoteWebElement.java:257)
at org.openqa.selenium.remote.RemoteWebElement.click(RemoteWebElement.java:78)
at org.openqa.selenium.support.pagefactory.internal.LocatingElementHandler.invoke(LocatingElementHandler.java:52)
at jdk.proxy2/jdk.proxy2.$Proxy20.click(Unknown Source)
at com.itlearn.pages.PaymentPage.paymentOption(PaymentPage.java:36)
at com.itlearn.testcases.Paymenttestcase.Paymenttestcase(Paymenttestcase.java:32)
at java.base/java.util.ArrayList.forEach(ArrayList.java:1511)
... Removed 36 stack frames]]>
    </failure>
  </testcase> <!-- Paymenttestcase -->
</testsuite> <!-- Test -->
